<?xml version="1.0" encoding="UTF-8"?>
<!-- Generated by org.testng.reporters.JUnitReportReporter -->
<testsuite hostname="Siddharths-Air" failures="0" tests="1" name="GetDataFromXml.TC_A_001" time="15.026" errors="0" timestamp="2021-12-21T17:19:55 IST" skipped="0">
  <testcase classname="GetDataFromXml.TC_A_001" name="createAcc" time="15.026"/>
  <system-out>
    <![CDATA[ahfdhfshghffggdmin]]>
  </system-out>
</testsuite> <!-- GetDataFromXml.TC_A_001 -->
