<?xml version="1.0" encoding="UTF-8"?>
<!-- Generated by org.testng.reporters.JUnitReportReporter -->
<testsuite hostname="Siddharths-MacBook-Air.local" failures="0" tests="1" name="assinmentGoibibo.Tc_002_GoIbibo" time="22.126" errors="0" timestamp="2021-12-30T22:26:28 IST" skipped="0">
  <testcase classname="assinmentGoibibo.Tc_002_GoIbibo" name="signIn" time="22.126"/>
  <system-out/>
</testsuite> <!-- assinmentGoibibo.Tc_002_GoIbibo -->
