<?xml version="1.0" encoding="UTF-8"?>
<!-- Generated by org.testng.reporters.JUnitReportReporter -->
<testsuite hostname="Siddharths-Air" failures="0" tests="3" name="TestNGTryDistributionBatchExecution.DistributionExecution_TC_002" time="27.927" errors="0" timestamp="2021-12-21T12:15:16 IST" skipped="0">
  <testcase classname="TestNGTryDistributionBatchExecution.DistributionExecution_TC_002" name="modifyAcc" time="9.563"/>
  <system-out>
    <![CDATA[from modify account]]>
  </system-out>
  <testcase classname="TestNGTryDistributionBatchExecution.DistributionExecution_TC_002" name="modifyAcc" time="9.559"/>
  <system-out>
    <![CDATA[from modify account]]>
  </system-out>
  <testcase classname="TestNGTryDistributionBatchExecution.DistributionExecution_TC_002" name="modifyAcc" time="8.805"/>
  <system-out>
    <![CDATA[from modify account]]>
  </system-out>
</testsuite> <!-- TestNGTryDistributionBatchExecution.DistributionExecution_TC_002 -->
