<?xml version="1.0" encoding="UTF-8"?>
<!-- Generated by org.testng.reporters.JUnitReportReporter -->
<testsuite hostname="Siddharths-Air" failures="0" tests="3" name="TestNGTryDistributionBatchExecution.DistributionExecutionTestNG" time="39.456" errors="0" timestamp="2021-12-21T12:15:16 IST" skipped="0">
  <testcase classname="TestNGTryDistributionBatchExecution.DistributionExecutionTestNG" name="createAcc" time="13.514"/>
  <system-out>
    <![CDATA[from create account]]>
  </system-out>
  <testcase classname="TestNGTryDistributionBatchExecution.DistributionExecutionTestNG" name="createAcc" time="12.735"/>
  <system-out>
    <![CDATA[from create account]]>
  </system-out>
  <testcase classname="TestNGTryDistributionBatchExecution.DistributionExecutionTestNG" name="createAcc" time="13.207"/>
  <system-out>
    <![CDATA[from create account]]>
  </system-out>
</testsuite> <!-- TestNGTryDistributionBatchExecution.DistributionExecutionTestNG -->
