<?xml version="1.0" encoding="UTF-8"?>
<!-- Generated by org.testng.reporters.JUnitReportReporter -->
<testsuite hostname="Siddharths-MacBook-Air.local" failures="0" tests="1" name="assinmentGoibibo.MainGoibibo" time="13.306" errors="0" timestamp="2021-12-31T00:29:33 IST" skipped="0">
  <testcase classname="assinmentGoibibo.MainGoibibo" name="home" time="13.306"/>
  <system-out/>
</testsuite> <!-- assinmentGoibibo.MainGoibibo -->
