<?xml version="1.0" encoding="UTF-8"?>
<!-- Generated by org.testng.reporters.JUnitReportReporter -->
<testsuite hostname="Siddharths-MacBook-Air.local" failures="0" tests="1" name="assinmentGoibibo.TC_003" time="23.305" errors="0" timestamp="2021-12-31T00:20:16 IST" skipped="0">
  <testcase classname="assinmentGoibibo.TC_003" name="homepage" time="23.305"/>
  <system-out/>
</testsuite> <!-- assinmentGoibibo.TC_003 -->
