<?xml version="1.0" encoding="UTF-8"?>
<!-- Generated by org.testng.reporters.JUnitReportReporter -->
<testsuite hostname="Siddharths-Air" failures="0" tests="3" name="TestNGTryDistributionBatchExecution.DistributionExecution_003" time="29.751" errors="0" timestamp="2021-12-21T12:15:16 IST" skipped="0">
  <testcase classname="TestNGTryDistributionBatchExecution.DistributionExecution_003" name="loanAcc" time="9.620"/>
  <system-out>
    <![CDATA[from loan account]]>
  </system-out>
  <testcase classname="TestNGTryDistributionBatchExecution.DistributionExecution_003" name="loanAcc" time="10.432"/>
  <system-out>
    <![CDATA[from loan account]]>
  </system-out>
  <testcase classname="TestNGTryDistributionBatchExecution.DistributionExecution_003" name="loanAcc" time="9.699"/>
  <system-out>
    <![CDATA[from loan account]]>
  </system-out>
</testsuite> <!-- TestNGTryDistributionBatchExecution.DistributionExecution_003 -->
